<?xml version="1.0" encoding="UTF-8"?>
<!-- Generated by org.testng.reporters.JUnitReportReporter -->
<testsuite skipped="0" hostname="huangling" name="com.panda.Case.List" tests="2" failures="0" timestamp="25 十二月 2018 10:29:59 GMT" time="0.007" errors="0">
  <testcase name="test" time="0.006" classname="com.panda.Case.List"/>
  <testcase name="test" time="0.001" classname="com.panda.Case.List"/>
</testsuite> <!-- com.panda.Case.List -->
