<?xml version="1.0" encoding="UTF-8"?>
<!-- Generated by org.testng.reporters.JUnitReportReporter -->
<testsuite skipped="0" hostname="huangling" name="com.panda.Case.List" tests="1" failures="0" timestamp="20 十二月 2018 09:05:44 GMT" time="0.004" errors="0">
  <testcase name="f" time="0.004" classname="com.panda.Case.List"/>
</testsuite> <!-- com.panda.Case.List -->
